[debug] [2025-12-09T15:25:12.982Z] ----------------------------------------------------------------------
[debug] [2025-12-09T15:25:12.985Z] Command:       C:\Program Files\nodejs\node.exe C:\Users\Rushikesh\AppData\Roaming\npm\node_modules\firebase-tools\lib\bin\firebase.js projects:list
[debug] [2025-12-09T15:25:12.985Z] CLI Version:   14.27.0
[debug] [2025-12-09T15:25:12.986Z] Platform:      win32
[debug] [2025-12-09T15:25:12.986Z] Node Version:  v20.13.1
[debug] [2025-12-09T15:25:12.986Z] Time:          Tue Dec 09 2025 20:55:12 GMT+0530 (India Standard Time)
[debug] [2025-12-09T15:25:12.986Z] ----------------------------------------------------------------------
[debug] 
[debug] [2025-12-09T15:25:12.988Z] >>> [apiv2][query] GET https://firebase-public.firebaseio.com/cli.json [none]
[debug] [2025-12-09T15:25:13.306Z] > command requires scopes: ["email","openid","https://www.googleapis.com/auth/cloudplatformprojects.readonly","https://www.googleapis.com/auth/firebase","https://www.googleapis.com/auth/cloud-platform"]
[debug] [2025-12-09T15:25:13.307Z] > authorizing via signed-in user (rushikeshganachari111@gmail.com)
[debug] [2025-12-09T15:25:13.311Z] Checked if tokens are valid: false, expires at: 1719345466350
[debug] [2025-12-09T15:25:13.311Z] Checked if tokens are valid: false, expires at: 1719345466350
[debug] [2025-12-09T15:25:13.312Z] > refreshing access token with scopes: []
[debug] [2025-12-09T15:25:13.313Z] >>> [apiv2][query] POST https://www.googleapis.com/oauth2/v3/token [none]
[debug] [2025-12-09T15:25:13.313Z] >>> [apiv2][body] POST https://www.googleapis.com/oauth2/v3/token [omitted]
[debug] [2025-12-09T15:25:13.714Z] <<< [apiv2][status] POST https://www.googleapis.com/oauth2/v3/token 400
[debug] [2025-12-09T15:25:13.715Z] <<< [apiv2][body] POST https://www.googleapis.com/oauth2/v3/token [omitted]
[debug] [2025-12-09T15:25:13.721Z] >>> [apiv2][query] GET https://firebase.googleapis.com/v1beta1/projects pageSize=1000
[debug] [2025-12-09T15:25:14.020Z] <<< [apiv2][status] GET https://firebase-public.firebaseio.com/cli.json 200
[debug] [2025-12-09T15:25:14.020Z] <<< [apiv2][body] GET https://firebase-public.firebaseio.com/cli.json {"cloudBuildErrorAfter":1594252800000,"cloudBuildWarnAfter":1590019200000,"defaultNode10After":1594252800000,"minVersion":"3.0.5","node8DeploysDisabledAfter":1613390400000,"node8RuntimeDisabledAfter":1615809600000,"node8WarnAfter":1600128000000}
[debug] [2025-12-09T15:25:14.148Z] <<< [apiv2][status] GET https://firebase.googleapis.com/v1beta1/projects 401
[debug] [2025-12-09T15:25:14.149Z] <<< [apiv2][body] GET https://firebase.googleapis.com/v1beta1/projects [omitted]
[debug] [2025-12-09T15:25:14.149Z] Got a 401 Unauthenticated error for a call that required authentication. Refreshing tokens.
[debug] [2025-12-09T15:25:14.149Z] Checked if tokens are valid: false, expires at: 1719345466350
[debug] [2025-12-09T15:25:14.149Z] Checked if tokens are valid: false, expires at: 1719345466350
[debug] [2025-12-09T15:25:14.149Z] > refreshing access token with scopes: []
[debug] [2025-12-09T15:25:14.149Z] >>> [apiv2][query] POST https://www.googleapis.com/oauth2/v3/token [none]
[debug] [2025-12-09T15:25:14.149Z] >>> [apiv2][body] POST https://www.googleapis.com/oauth2/v3/token [omitted]
[debug] [2025-12-09T15:25:14.334Z] <<< [apiv2][status] POST https://www.googleapis.com/oauth2/v3/token 400
[debug] [2025-12-09T15:25:14.334Z] <<< [apiv2][body] POST https://www.googleapis.com/oauth2/v3/token [omitted]
[debug] [2025-12-09T15:25:14.336Z] Request to https://firebase.googleapis.com/v1beta1/projects?pageSize=1000 had HTTP Error: 401, Request had invalid authentication credentials. Expected OAuth 2 access token, login cookie or other valid authentication credential. See https://developers.google.com/identity/sign-in/web/devconsole-project.
[debug] [2025-12-09T15:25:14.609Z] FirebaseError: Request to https://firebase.googleapis.com/v1beta1/projects?pageSize=1000 had HTTP Error: 401, Request had invalid authentication credentials. Expected OAuth 2 access token, login cookie or other valid authentication credential. See https://developers.google.com/identity/sign-in/web/devconsole-project.
    at responseToError (C:\Users\Rushikesh\AppData\Roaming\npm\node_modules\firebase-tools\lib\responseToError.js:53:12)
    at RetryOperation._fn (C:\Users\Rushikesh\AppData\Roaming\npm\node_modules\firebase-tools\lib\apiv2.js:322:77)
    at process.processTicksAndRejections (node:internal/process/task_queues:95:5)
[error] 
[error] Error: Failed to list Firebase projects. See firebase-debug.log for more info.
